<?xml version="1.0" encoding="utf-8"?><testsuites name="pytest tests"><testsuite name="pytest" errors="0" failures="0" skipped="0" tests="949" time="94.887" timestamp="2026-08-31T15:40:33.341115+09:00" hostname="kanta"><testcase classname="tests.test_access_inventory" name="test_all_hypotheses_pass_on_real_inventory" time="0.001" /><testcase classname="tests.test_access_inventory" name="test_required_critical_systems_present" time="0.001" /><testcase classname="tests.test_access_inventory" name="test_break_glass_docs_all_exist" time="0.001" /><testcase classname="tests.test_access_inventory" name="test_spof_detection_reports_current_gaps" time="0.001" /><testcase classname="tests.test_access_inventory" name="test_spof_clears_when_backup_owner_set" time="0.007" /><testcase classname="tests.test_access_inventory" name="test_inventory_integrity_columns_and_ids" time="0.001" /><testcase classname="tests.test_access_inventory" name="test_secret_bearing_systems_linked_to_recovery_doc" time="0.000" /><testcase classname="tests.test_accessibility_static" name="test_public_demo_accessibility_static_gate_passes" time="0.010" /><testcase classname="tests.test_admin_dashboard_error_handling" name="test_admin_loader_reads_detail[index.html0-loadOperationsDashboard]" time="0.005" /><testcase classname="tests.test_admin_dashboard_error_handling" name="test_admin_loader_reads_detail[index.html0-downloadOperationsDashboardCsv]" time="0.004" /><testcase classname="tests.test_admin_dashboard_error_handling" name="test_admin_loader_reads_detail[index.html1-loadOperationsDashboard]" time="0.005" /><testcase classname="tests.test_admin_dashboard_error_handling" name="test_admin_loader_reads_detail[index.html1-downloadOperationsDashboardCsv]" time="0.005" /><testcase classname="tests.test_admin_dashboard_error_handling" name="test_admin_loader_distinguishes_404[index.html0-loadOperationsDashboard]" time="0.004" /><testcase classname="tests.test_admin_dashboard_error_handling" name="test_admin_loader_distinguishes_404[index.html0-downloadOperationsDashboardCsv]" time="0.005" /><testcase classname="tests.test_admin_dashboard_error_handling" name="test_admin_loader_distinguishes_404[index.html1-loadOperationsDashboard]" time="0.005" /><testcase classname="tests.test_admin_dashboard_error_handling" name="test_admin_loader_distinguishes_404[index.html1-downloadOperationsDashboardCsv]" time="0.004" /><testcase classname="tests.test_admin_dashboard_error_handling" name="test_admin_loader_surfaces_auth_reason[index.html0-loadOperationsDashboard]" time="0.004" /><testcase classname="tests.test_admin_dashboard_error_handling" name="test_admin_loader_surfaces_auth_reason[index.html0-downloadOperationsDashboardCsv]" time="0.004" /><testcase classname="tests.test_admin_dashboard_error_handling" name="test_admin_loader_surfaces_auth_reason[index.html1-loadOperationsDashboard]" time="0.004" /><testcase classname="tests.test_admin_dashboard_error_handling" name="test_admin_loader_surfaces_auth_reason[index.html1-downloadOperationsDashboardCsv]" time="0.004" /><testcase classname="tests.test_admin_dashboard_error_handling" name="test_both_mirrors_identical[loadOperationsDashboard]" time="0.007" /><testcase classname="tests.test_admin_dashboard_error_handling" name="test_both_mirrors_identical[downloadOperationsDashboardCsv]" time="0.007" /><testcase classname="tests.test_admin_dashboard_error_handling" name="test_operations_dashboard_requires_auth" time="0.023" /><testcase classname="tests.test_admin_dashboard_error_handling" name="test_operations_dashboard_csv_requires_auth" time="0.019" /><testcase classname="tests.test_admin_dashboard_error_handling" name="test_operations_dashboard_ok_with_auth" time="0.034" /><testcase classname="tests.test_admin_dashboard_error_handling" name="test_audit_harness_all_hypotheses_pass" time="0.015" /><testcase classname="tests.test_ai_feedback_flywheel" name="test_aggregate_feedback_logs" time="0.000" /><testcase classname="tests.test_ai_feedback_flywheel" name="test_generate_tuning_context" time="0.000" /><testcase classname="tests.test_ai_feedback_flywheel" name="test_generate_tuning_context_empty" time="0.000" /><testcase classname="tests.test_ai_saas_service_freeze_runbook" name="test_t848_runbook_covers_all_requested_services" time="0.000" /><testcase classname="tests.test_ai_saas_service_freeze_runbook" name="test_t848_runbook_freezes_runtime_and_non_adopted_boundaries" time="0.000" /><testcase classname="tests.test_ai_saas_service_freeze_runbook" name="test_deepseek_deprecation_and_gemini_model_are_explicit" time="0.000" /><testcase classname="tests.test_ai_saas_service_freeze_runbook" name="test_t848_runbook_forbids_secret_recording" time="0.000" /><testcase classname="tests.test_antigravity_figma_redesign" name="test_figma_redesign_assets_are_documented" time="0.000" /><testcase classname="tests.test_antigravity_figma_redesign" name="test_generator_preserves_source_and_uses_artifact_tool" time="0.001" /><testcase classname="tests.test_antigravity_figma_redesign" name="test_figma_redesign_deck_has_all_slides_and_sources" time="0.007" /><testcase classname="tests.test_antigravity_live_demo" name="test_committed_antigravity_demo_kit_is_fail_closed_and_ready" time="0.015" /><testcase classname="tests.test_antigravity_live_demo" name="test_demo_kit_rejects_missing_synthetic_marker_and_remote_guard" time="0.541" /><testcase classname="tests.test_antigravity_live_demo" name="test_demo_kit_rejects_global_or_unverified_skill_install" time="0.252" /><testcase classname="tests.test_antigravity_live_demo" name="test_demo_kit_rejects_test_spec_without_red_gate" time="0.302" /><testcase classname="tests.test_antigravity_live_demo" name="test_demo_kit_rejects_kiro_feature_names_assigned_to_antigravity" time="0.400" /><testcase classname="tests.test_antigravity_live_demo" name="test_demo_kit_rejects_mcp_write_and_skill_directory_publish" time="0.288" /><testcase classname="tests.test_antigravity_live_demo" name="test_demo_output_rejects_external_dependency_and_persistent_storage" time="0.344" /><testcase classname="tests.test_antigravity_live_demo" name="test_demo_output_rejects_missing_product_evidence_or_review_pass" time="0.279" /><testcase classname="tests.test_antigravity_live_demo" name="test_surface_demos_reject_cli_or_sdk_write_permissions" time="0.338" /><testcase classname="tests.test_antigravity_tdd_demo" name="test_test_spec_prompt_precedes_site_implementation_and_requires_red" time="0.000" /><testcase classname="tests.test_antigravity_tdd_demo" name="test_build_and_skill_prompts_cannot_weaken_tests" time="0.000" /><testcase classname="tests.test_antigravity_tdd_demo" name="test_run_of_show_places_test_spec_before_build" time="0.000" /><testcase classname="tests.test_antigravity_tdd_demo" name="test_backup_output_contract_suite_is_green" time="0.143" /><testcase classname="tests.test_api" name="test_app_uses_lifespan_without_deprecated_startup_handlers" time="0.004" /><testcase classname="tests.test_api" name="test_health_check" time="0.009" /><testcase classname="tests.test_api" name="test_rate_limit_exempts_health_and_blocks_expensive_api" time="0.026" /><testcase classname="tests.test_api" name="test_basic_auth_protection" time="0.060" /><testcase classname="tests.test_api" name="test_parse_and_database_persistence" time="0.068" /><testcase classname="tests.test_api" name="test_parse_requires_current_legal_consent" time="0.050" /><testcase classname="tests.test_api" name="test_match_and_database_persistence" time="0.081" /><testcase classname="tests.test_api" name="test_match_requires_current_legal_consent" time="0.012" /><testcase classname="tests.test_api" name="test_feedback_submission_and_summary" time="0.111" /><testcase classname="tests.test_api" name="test_employee_assessment_response_submission_summary_and_redaction" time="0.109" /><testcase classname="tests.test_api" name="test_attendance_punch_timesheet_parse_approval_and_summary" time="1.269" /><testcase classname="tests.test_api" name="test_admin_operations_dashboard_requires_auth_aggregates_and_exports_csv" time="0.149" /><testcase classname="tests.test_api" name="test_support_request_submission_and_summary" time="0.040" /><testcase classname="tests.test_aptitude_demo" name="test_h1_questions_within_10_to_20" time="0.020" /><testcase classname="tests.test_aptitude_demo" name="test_h2_fallback_without_gemini" time="0.029" /><testcase classname="tests.test_aptitude_demo" name="test_count_is_clamped" time="0.000" /><testcase classname="tests.test_aptitude_demo" name="test_h3_evaluate_returns_scores" time="0.009" /><testcase classname="tests.test_aptitude_demo" name="test_h4_module_has_no_storage_imports" time="0.002" /><testcase classname="tests.test_aptitude_demo" name="test_h4_evaluation_creates_no_db_rows" time="0.046" /><testcase classname="tests.test_aptitude_demo" name="test_h5_audit_log_excludes_answers_and_score" time="0.022" /><testcase classname="tests.test_aptitude_demo" name="test_h6_safety_filter_rejects_sensitive_and_backfills" time="0.000" /><testcase classname="tests.test_aptitude_demo" name="test_h7_evaluate_requires_consent" time="0.009" /><testcase classname="tests.test_aptitude_demo" name="test_h8_privacy_notice_present" time="0.011" /><testcase classname="tests.test_aptitude_demo" name="test_h9_gemini_failure_falls_back" time="0.000" /><testcase classname="tests.test_aptitude_demo" name="test_h9_gemini_success_is_sanitized" time="0.000" /><testcase classname="tests.test_aptitude_demo" name="test_h10_evaluate_rejects_no_valid_answers" time="0.006" /><testcase classname="tests.test_aptitude_demo_frontend" name="test_aptitude_demo_section_and_navigation_exist[index.html0]" time="0.004" /><testcase classname="tests.test_aptitude_demo_frontend" name="test_aptitude_demo_section_and_navigation_exist[index.html1]" time="0.004" /><testcase classname="tests.test_aptitude_demo_frontend" name="test_aptitude_demo_calls_backend_with_legal_consent[index.html0]" time="0.003" /><testcase classname="tests.test_aptitude_demo_frontend" name="test_aptitude_demo_calls_backend_with_legal_consent[index.html1]" time="0.004" /><testcase classname="tests.test_aptitude_demo_frontend" name="test_aptitude_demo_frontend_does_not_persist_answers[index.html0]" time="0.005" /><testcase classname="tests.test_aptitude_demo_frontend" name="test_aptitude_demo_frontend_does_not_persist_answers[index.html1]" time="0.004" /><testcase classname="tests.test_aptitude_demo_frontend" name="test_aptitude_demo_has_static_demo_fallback_without_storage[index.html0]" time="0.003" /><testcase classname="tests.test_aptitude_demo_frontend" name="test_aptitude_demo_has_static_demo_fallback_without_storage[index.html1]" time="0.004" /><testcase classname="tests.test_aptitude_demo_frontend" name="test_both_html_mirrors_have_same_aptitude_markers" time="0.006" /><testcase classname="tests.test_aptitude_demo_frontend" name="test_aptitude_demo_analytics_tracks_section[index.html0]" time="0.003" /><testcase classname="tests.test_aptitude_demo_frontend" name="test_aptitude_demo_analytics_tracks_section[index.html1]" time="0.004" /><testcase classname="tests.test_aptitude_score_bands" name="test_bands_are_three_ordered_levels" time="0.000" /><testcase classname="tests.test_aptitude_score_bands" name="test_bands_are_labelled_for_the_ceo_request" time="0.000" /><testcase classname="tests.test_aptitude_score_bands" name="test_bands_tile_the_full_range_without_gap_or_overlap" time="0.000" /><testcase classname="tests.test_aptitude_score_bands" name="test_band_for_index_matches_the_table" time="0.000" /><testcase classname="tests.test_aptitude_score_bands" name="test_band_boundaries_are_the_documented_thresholds" time="0.000" /><testcase classname="tests.test_aptitude_score_bands" name="test_index_out_of_range_is_clamped_not_crashed" time="0.000" /><testcase classname="tests.test_aptitude_score_bands" name="test_evaluate_band_agrees_with_band_for_index" time="0.000" /><testcase classname="tests.test_aptitude_score_bands" name="test_evaluate_exposes_the_band_label_and_thresholds" time="0.000" /><testcase classname="tests.test_aptitude_score_bands" name="test_interview_guide_returns_talking_points_and_focus" time="0.001" /><testcase classname="tests.test_aptitude_score_bands" name="test_interview_guide_is_not_medical_or_directive" time="0.000" /><testcase classname="tests.test_aptitude_score_bands" name="test_interview_guide_warns_it_is_not_an_evaluation" time="0.000" /><testcase classname="tests.test_aptitude_score_bands" name="test_legend_endpoint_serves_the_bands" time="0.003" /><testcase classname="tests.test_aptitude_score_bands" name="test_evaluate_endpoint_returns_band_label_and_guide" time="0.005" /><testcase classname="tests.test_aptitude_score_bands" name="test_module_still_imports_no_storage" time="0.001" /><testcase classname="tests.test_aptitude_score_bands" name="test_public_index_has_band_ui" time="0.004" /><testcase classname="tests.test_aptitude_score_bands" name="test_src_index_has_band_ui" time="0.004" /><testcase classname="tests.test_aptitude_score_bands" name="test_static_fallback_bands_match_the_server" time="0.003" /><testcase classname="tests.test_architecture_decisions_audit" name="test_adr_ids_are_sequential_and_unique" time="0.001" /><testcase classname="tests.test_architecture_decisions_audit" name="test_every_adr_has_the_six_elements" time="0.000" /><testcase classname="tests.test_architecture_decisions_audit" name="test_alternatives_are_not_empty" time="0.001" /><testcase classname="tests.test_architecture_decisions_audit" name="test_required_decisions_are_covered" time="0.000" /><testcase classname="tests.test_architecture_decisions_audit" name="test_status_values_are_allowed" time="0.001" /><testcase classname="tests.test_architecture_decisions_audit" name="test_evidence_links_resolve" time="0.004" /><testcase classname="tests.test_architecture_decisions_audit" name="test_no_credentials_or_registration_facts" time="0.001" /><testcase classname="tests.test_architecture_decisions_audit" name="test_guard_pure_functions_agree_with_the_document" time="0.002" /><testcase classname="tests.test_architecture_decisions_audit" name="test_guard_evaluate_passes_on_the_real_repo" time="0.002" /><testcase classname="tests.test_auth_security" name="test_public_endpoints_accessible" time="0.004" /><testcase classname="tests.test_auth_security" name="test_auth_me_endpoint_mock_mode" time="0.005" /><testcase classname="tests.test_auth_security" name="test_auth_me_endpoint_requires_auth_when_mock_disabled" time="0.004" /><testcase classname="tests.test_auth_security" name="test_root_index_requires_basic_auth" time="0.015" /><testcase classname="tests.test_auth_security" name="test_health_response_includes_security_headers" time="0.003" /><testcase classname="tests.test_auth_security" name="test_root_index_fails_closed_when_managed_credentials_are_missing" time="0.005" /><testcase classname="tests.test_auth_security" name="test_managed_runtime_never_loads_local_basic_auth_defaults" time="2.407" /><testcase classname="tests.test_auth_security" name="test_local_runtime_never_loads_basic_auth_defaults" time="2.371" /><testcase classname="tests.test_auth_security" name="test_managed_runtime_protects_all_non_health_routes" time="0.009" /><testcase classname="tests.test_auth_security" name="test_managed_runtime_api_fails_closed_without_auth_configuration" time="0.003" /><testcase classname="tests.test_auth_security" name="test_runtime_and_support_scripts_do_not_embed_basic_auth_credentials" time="0.003" /><testcase classname="tests.test_auth_security" name="test_static_demo_does_not_claim_server_authentication" time="0.003" /><testcase classname="tests.test_auth_security" name="test_index_html_contains_early_sync_lockout" time="0.003" /><testcase classname="tests.test_backup_ci_recovery_runbook" name="test_runbook_exists" time="0.000" /><testcase classname="tests.test_backup_ci_recovery_runbook" name="test_every_workflow_secret_is_documented" time="0.001" /><testcase classname="tests.test_backup_ci_recovery_runbook" name="test_runbook_names_the_correct_wif_role_and_the_past_mistake" time="0.000" /><testcase classname="tests.test_backup_ci_recovery_runbook" name="test_runbook_records_the_old_project_root_cause" time="0.000" /><testcase classname="tests.test_backup_ci_recovery_runbook" name="test_runbook_defines_verification_and_completion_criteria" time="0.000" /><testcase classname="tests.test_backup_ci_recovery_runbook" name="test_runbook_contains_no_secret_values" time="0.001" /><testcase classname="tests.test_browser_extension_bridge" name="test_browser_extension_match_request" time="0.000" /><testcase classname="tests.test_browser_extension_bridge" name="test_browser_extension_placement_billing" time="0.000" /><testcase classname="tests.test_calendar_orphan_cleanup" name="test_detects_renamed_orphan" time="0.000" /><testcase classname="tests.test_calendar_orphan_cleanup" name="test_keeps_intended_events" time="0.000" /><testcase classname="tests.test_calendar_orphan_cleanup" name="test_never_deletes_events_without_wbs_ids" time="0.000" /><testcase classname="tests.test_calendar_orphan_cleanup" name="test_empty_intended_set_is_a_safety_noop" time="0.000" /><testcase classname="tests.test_calendar_orphan_cleanup" name="test_multiple_orphans_all_returned" time="0.000" /><testcase classname="tests.test_calendar_orphan_cleanup" name="test_orphan_with_multiple_wbs_ids_still_detected" time="0.000" /><testcase classname="tests.test_ceo_meeting_agenda" name="test_agenda_states_meeting_date_and_time" time="0.000" /><testcase classname="tests.test_ceo_meeting_agenda" name="test_agenda_has_required_sections" time="0.000" /><testcase classname="tests.test_ceo_meeting_agenda" name="test_agenda_ties_requests_to_wbs_tasks" time="0.000" /><testcase classname="tests.test_ceo_meeting_agenda" name="test_agenda_contains_no_credential_shaped_strings" time="0.000" /><testcase classname="tests.test_ceo_meeting_agenda" name="test_wbs_has_t898_follow_up_covering_meeting_day" time="0.003" /><testcase classname="tests.test_ceo_meeting_agenda" name="test_wbs_t879_is_completed_with_agenda_reference" time="0.003" /><testcase classname="tests.test_client_credibility_scorer" name="test_analyze_client_credibility_direct" time="0.000" /><testcase classname="tests.test_client_credibility_scorer" name="test_analyze_client_credibility_deep_chain" time="0.000" /><testcase classname="tests.test_cloud_preflight_workflow" name="test_candidate_push_pr_and_manual_triggers_are_pinned" time="0.000" /><testcase classname="tests.test_cloud_preflight_workflow" name="test_workflow_is_read_only_and_has_no_secret_context" time="0.000" /><testcase classname="tests.test_cloud_preflight_workflow" name="test_workflow_runs_the_exact_full_gate_on_github_hosted_python" time="0.000" /><testcase classname="tests.test_cloud_preflight_workflow" name="test_diagnostics_are_uploaded_for_success_and_failure_with_short_retention" time="0.000" /><testcase classname="tests.test_codex_continuation_notes_currency" name="test_no_passed_quota_premise" time="0.000" /><testcase classname="tests.test_codex_continuation_notes_currency" name="test_no_dated_worklog_sections" time="0.000" /><testcase classname="tests.test_codex_continuation_notes_currency" name="test_retains_current_operational_sections" time="0.000" /><testcase classname="tests.test_codex_continuation_notes_currency" name="test_points_at_the_real_history_sources" time="0.000" /><testcase classname="tests.test_codex_continuation_notes_currency" name="test_size_cap_prevents_rebloat" time="0.000" /><testcase classname="tests.test_codex_continuation_notes_currency" name="test_still_documents_force_mock_switch" time="0.001" /><testcase classname="tests.test_cold_storage_log_archive" name="test_collect_sources_excludes_secret_files" time="0.032" /><testcase classname="tests.test_cold_storage_log_archive" name="test_manifest_and_zip_are_created_with_hashes" time="0.079" /><testcase classname="tests.test_cold_storage_log_archive" name="test_manifest_only_skips_zip_but_writes_lifecycle_template" time="0.014" /><testcase classname="tests.test_cold_storage_log_archive" name="test_gcs_uri_requires_gs_scheme" time="0.003" /><testcase classname="tests.test_cold_storage_log_archive" name="test_t773_runbook_is_linked_from_rotation_runbook" time="0.000" /><testcase classname="tests.test_conversational_agent_explorer" name="test_conversational_agent_explorer_skills_query" time="0.000" /><testcase classname="tests.test_conversational_agent_explorer" name="test_conversational_agent_explorer_general_query" time="0.000" /><testcase classname="tests.test_cost_quota_alerts_audit" name="test_check_required_scripts_exist" time="0.000" /><testcase classname="tests.test_cost_quota_alerts_audit" name="test_build_hypotheses_all_pass" time="0.003" /><testcase classname="tests.test_cost_quota_alerts_audit" name="test_run_audit_creates_artifacts" time="0.007" /><testcase classname="tests.test_custom_domain_dns_diagnostic" name="test_is_nxdomain_matches_public_resolver_messages" time="0.000" /><testcase classname="tests.test_custom_domain_dns_diagnostic" name="test_analyze_flags_client_hold_and_public_dns_nxdomain" time="0.000" /><testcase classname="tests.test_custom_domain_dns_diagnostic" name="test_analyze_allows_recheck_when_no_blocker_is_seen" time="0.000" /><testcase classname="tests.test_data_retention_runbook" name="test_t847_retention_runbook_covers_all_current_tables" time="0.000" /><testcase classname="tests.test_data_retention_runbook" name="test_t847_existing_deletion_and_log_runbooks_link_to_matrix" time="0.001" /><testcase classname="tests.test_data_retention_runbook" name="test_all_t847_tables_enable_rls_in_migrations" time="0.002" /><testcase classname="tests.test_data_retention_runbook" name="test_high_sensitivity_t847_tables_revoke_direct_rest_roles" time="0.001" /><testcase classname="tests.test_db_migration_management" name="test_validate_project_migration_directories" time="0.060" /><testcase classname="tests.test_db_migration_management" name="test_sqlite_apply_is_idempotent" time="0.114" /><testcase classname="tests.test_db_migration_management" name="test_duplicate_migration_version_is_rejected" time="0.037" /><testcase classname="tests.test_db_migration_management" name="test_sql_splitter_handles_postgres_dollar_quoted_functions" time="0.002" /><testcase classname="tests.test_db_schema_guarantee" name="test_cold_start_first_post_succeeds_without_explicit_init" time="0.030" /><testcase classname="tests.test_db_schema_guarantee" name="test_lifespan_has_no_daemon_thread_starter" time="0.000" /><testcase classname="tests.test_db_schema_guarantee" name="test_classify_storage_error[exc0-relation_missing]" time="0.000" /><testcase classname="tests.test_db_schema_guarantee" name="test_classify_storage_error[exc1-relation_missing]" time="0.000" /><testcase classname="tests.test_db_schema_guarantee" name="test_classify_storage_error[exc2-connection]" time="0.000" /><testcase classname="tests.test_db_schema_guarantee" name="test_classify_storage_error[exc3-connection]" time="0.000" /><testcase classname="tests.test_db_schema_guarantee" name="test_classify_storage_error[exc4-constraint]" time="0.000" /><testcase classname="tests.test_db_schema_guarantee" name="test_classify_storage_error[exc5-constraint]" time="0.000" /><testcase classname="tests.test_db_schema_guarantee" name="test_classify_storage_error[exc6-unknown]" time="0.000" /><testcase classname="tests.test_db_schema_guarantee" name="test_storage_500_detail_carries_category_and_correlation_id" time="0.051" /><testcase classname="tests.test_db_schema_guarantee" name="test_correlation_id_is_unique_per_failure" time="0.000" /><testcase classname="tests.test_design_system_tokens" name="test_design_system_css_tokens_defined" time="0.003" /><testcase classname="tests.test_design_system_tokens" name="test_svg_visual_containers_exist" time="0.003" /><testcase classname="tests.test_design_system_tokens" name="test_mobile_bottom_nav_aria_current_supported" time="0.003" /><testcase classname="tests.test_diagnosis_fallback_transparency" name="test_run_analysis_reads_server_detail[index.html0]" time="0.004" /><testcase classname="tests.test_diagnosis_fallback_transparency" name="test_run_analysis_reads_server_detail[index.html1]" time="0.004" /><testcase classname="tests.test_diagnosis_fallback_transparency" name="test_run_analysis_distinguishes_404_demo[index.html0]" time="0.003" /><testcase classname="tests.test_diagnosis_fallback_transparency" name="test_run_analysis_distinguishes_404_demo[index.html1]" time="0.003" /><testcase classname="tests.test_diagnosis_fallback_transparency" name="test_run_analysis_labels_scores_as_sample_on_error[index.html0]" time="0.003" /><testcase classname="tests.test_diagnosis_fallback_transparency" name="test_run_analysis_labels_scores_as_sample_on_error[index.html1]" time="0.004" /><testcase classname="tests.test_diagnosis_fallback_transparency" name="test_run_analysis_keeps_silent_mock_fallback[index.html0]" time="0.004" /><testcase classname="tests.test_diagnosis_fallback_transparency" name="test_run_analysis_keeps_silent_mock_fallback[index.html1]" time="0.003" /><testcase classname="tests.test_diagnosis_fallback_transparency" name="test_both_mirrors_run_analysis_identical" time="0.007" /><testcase classname="tests.test_diagnosis_fallback_transparency" name="test_match_rejects_without_consent_400" time="0.019" /><testcase classname="tests.test_diagnosis_fallback_transparency" name="test_match_is_a_rate_limited_expensive_path" time="0.000" /><testcase classname="tests.test_diagnosis_fallback_transparency" name="test_audit_harness_all_hypotheses_pass" time="0.013" /><testcase classname="tests.test_doc_id_references_audit" name="test_valid_ids_reads_trackers" time="0.005" /><testcase classname="tests.test_doc_id_references_audit" name="test_referenced_ids_extracts_all_three_families" time="0.000" /><testcase classname="tests.test_doc_id_references_audit" name="test_referenced_ids_handles_subtask_suffix" time="0.000" /><testcase classname="tests.test_doc_id_references_audit" name="test_dangling_excludes_valid_and_allowlisted" time="0.000" /><testcase classname="tests.test_doc_id_references_audit" name="test_dangling_empty_when_all_resolve" time="0.000" /><testcase classname="tests.test_doc_id_references_audit" name="test_allowlist_ids_is_the_documented_exception_set" time="0.000" /><testcase classname="tests.test_doc_id_references_audit" name="test_evaluate_passes_on_the_real_repo" time="0.147" /><testcase classname="tests.test_doc_single_tab_flow" name="test_training_and_doc_single_tab_navigation" time="11.899" /><testcase classname="tests.test_doc_single_tab_flow" name="test_markdown_and_mermaid_sequence_diagrams_render" time="2.172" /><testcase classname="tests.test_docs_reference_integrity" name="test_classify_http_is_skipped" time="0.005" /><testcase classname="tests.test_docs_reference_integrity" name="test_classify_resolving_doc_is_ok" time="0.005" /><testcase classname="tests.test_docs_reference_integrity" name="test_classify_code_and_data_categories" time="0.006" /><testcase classname="tests.test_docs_reference_integrity" name="test_classify_missing_is_broken" time="0.006" /><testcase classname="tests.test_docs_reference_integrity" name="test_classify_fileurl_and_external" time="0.006" /><testcase classname="tests.test_docs_reference_integrity" name="test_good_baseline_passes_all_ten" time="0.006" /><testcase classname="tests.test_docs_reference_integrity" name="test_h1_flags_too_few_docs" time="0.008" /><testcase classname="tests.test_docs_reference_integrity" name="test_h2_flags_fileurl" time="0.006" /><testcase classname="tests.test_docs_reference_integrity" name="test_h3_flags_external" time="0.008" /><testcase classname="tests.test_docs_reference_integrity" name="test_h4_flags_broken_doc_link" time="0.008" /><testcase classname="tests.test_docs_reference_integrity" name="test_h5_flags_broken_code_link" time="0.008" /><testcase classname="tests.test_docs_reference_integrity" name="test_h6_flags_broken_data_link" time="0.007" /><testcase classname="tests.test_docs_reference_integrity" name="test_h7_flags_broken_other_link" time="0.006" /><testcase classname="tests.test_docs_reference_integrity" name="test_h8_flags_broken_anchored_link" time="0.006" /><testcase classname="tests.test_docs_reference_integrity" name="test_h9_and_h10_flag_any_broken" time="0.006" /><testcase classname="tests.test_docs_reference_integrity" name="test_real_docs_reference_integrity_is_clean" time="0.375" /><testcase classname="tests.test_employee_assessment_vendor_checklist" name="test_states_purpose_and_related_wbs" time="0.000" /><testcase classname="tests.test_employee_assessment_vendor_checklist" name="test_names_all_three_shortlist_vendors" time="0.000" /><testcase classname="tests.test_employee_assessment_vendor_checklist" name="test_has_three_vendor_comparison_matrix" time="0.000" /><testcase classname="tests.test_employee_assessment_vendor_checklist" name="test_covers_all_mandatory_dpa_clauses" time="0.000" /><testcase classname="tests.test_employee_assessment_vendor_checklist" name="test_has_send_ready_rfi_questionnaire" time="0.000" /><testcase classname="tests.test_employee_assessment_vendor_checklist" name="test_states_sensitive_information_premise" time="0.000" /><testcase classname="tests.test_employee_assessment_vendor_checklist" name="test_no_credential_shaped_strings" time="0.000" /><testcase classname="tests.test_enterprise_audit_trail" name="test_audit_chain_integrity_valid" time="0.000" /><testcase classname="tests.test_enterprise_audit_trail" name="test_audit_chain_integrity_tampered" time="0.000" /><testcase classname="tests.test_external_api_usage_audit" name="test_build_report_detects_warning_and_critical_limits" time="0.028" /><testcase classname="tests.test_external_api_usage_audit" name="test_missing_ledger_is_ok_and_invalid_json_is_warning" time="0.028" /><testcase classname="tests.test_external_pentest_review" name="test_build_probe_url_preserves_github_pages_project_path" time="0.001" /><testcase classname="tests.test_external_pentest_review" name="test_missing_security_headers_are_reported_without_high_when_sensitive_paths_404" time="0.000" /><testcase classname="tests.test_external_pentest_review" name="test_cors_wildcard_with_credentials_is_high" time="0.000" /><testcase classname="tests.test_external_pentest_review" name="test_sensitive_path_exposure_is_high_and_redacted_in_artifacts" time="0.065" /><testcase classname="tests.test_external_platform_hub" name="test_external_platform_hub_slack_format" time="0.000" /><testcase classname="tests.test_external_platform_hub" name="test_external_platform_hub_teams_and_notion_format" time="0.000" /><testcase classname="tests.test_external_platform_hub" name="test_external_platform_hub_canva_deck_spec" time="0.000" /><testcase classname="tests.test_favicon_endpoint" name="test_favicon_returns_200_and_icon_media_type" time="0.015" /><testcase classname="tests.test_figma_design_sync" name="test_figma_design_sync_all_hypotheses_pass" time="0.009" /><testcase classname="tests.test_figma_powerpoint_demo" name="test_prompt_is_copyable_and_fail_closed" time="0.001" /><testcase classname="tests.test_figma_powerpoint_demo" name="test_guide_places_figma_mcp_in_the_five_minute_main_slot" time="0.001" /><testcase classname="tests.test_figma_powerpoint_demo" name="test_antigravity2_powerpoint_has_all_sourced_slides" time="0.009" /><testcase classname="tests.test_firebase_hosting_auth_gate" name="test_hosting_does_not_publish_application_files_directly" time="0.002" /><testcase classname="tests.test_firebase_hosting_auth_gate" name="test_hosting_routes_every_non_static_request_to_authenticated_api" time="0.000" /><testcase classname="tests.test_firebase_hosting_headers" name="test_current_firebase_config_has_required_security_headers" time="0.000" /><testcase classname="tests.test_firebase_hosting_headers" name="test_missing_global_header_rule_fails" time="0.000" /><testcase classname="tests.test_firebase_hosting_headers" name="test_cli_writes_json_and_markdown_reports" time="0.151" /><testcase classname="tests.test_fk_index_coverage" name="test_parse_fk_columns_inline_and_constraint_styles" time="0.000" /><testcase classname="tests.test_fk_index_coverage" name="test_parse_btree_leftmost_excludes_gin_and_expressions" time="0.000" /><testcase classname="tests.test_fk_index_coverage" name="test_parse_unique_and_pk_single_columns" time="0.000" /><testcase classname="tests.test_fk_index_coverage" name="test_evaluate_all_pass_on_consistent_coverage" time="0.000" /><testcase classname="tests.test_fk_index_coverage" name="test_h2_flags_incomplete_partition" time="0.000" /><testcase classname="tests.test_fk_index_coverage" name="test_h3_requires_composite_leftmost_coverage" time="0.000" /><testcase classname="tests.test_fk_index_coverage" name="test_h4_requires_unique_and_btree_fk_coverage" time="0.000" /><testcase classname="tests.test_fk_index_coverage" name="test_h5_requires_audits_match_id_covered" time="0.001" /><testcase classname="tests.test_fk_index_coverage" name="test_h6_flags_any_remaining_gap" time="0.000" /><testcase classname="tests.test_fk_index_coverage" name="test_h7_flags_uncovered_target" time="0.000" /><testcase classname="tests.test_fk_index_coverage" name="test_h8_flags_non_btree_new_index" time="0.000" /><testcase classname="tests.test_fk_index_coverage" name="test_h9_flags_non_idempotent_new_index" time="0.000" /><testcase classname="tests.test_fk_index_coverage" name="test_real_repository_has_no_fk_index_gaps" time="0.003" /><testcase classname="tests.test_fk_index_coverage" name="test_real_repository_covers_every_known_target" time="0.004" /><testcase classname="tests.test_fk_index_coverage" name="test_fix_migration_is_additive_and_idempotent" time="0.004" /><testcase classname="tests.test_footer_and_nav_links" name="test_footer_docs_links_reachability" time="0.027" /><testcase classname="tests.test_footer_and_nav_links" name="test_raw_markdown_docs_param" time="0.003" /><testcase classname="tests.test_footer_and_nav_links" name="test_nonexistent_doc_returns_404" time="0.005" /><testcase classname="tests.test_form_error_handling" name="test_handler_surfaces_server_detail[index.html0-submitFeedback-\u63a5\u7d9a]" time="0.003" /><testcase classname="tests.test_form_error_handling" name="test_handler_surfaces_server_detail[index.html0-submitSupportRequest-\u63a5\u7d9a]" time="0.003" /><testcase classname="tests.test_form_error_handling" name="test_handler_surfaces_server_detail[index.html0-punchCard-\u63a5\u7d9a]" time="0.003" /><testcase classname="tests.test_form_error_handling" name="test_handler_surfaces_server_detail[index.html0-approveAttendanceData-\u63a5\u7d9a]" time="0.003" /><testcase classname="tests.test_form_error_handling" name="test_handler_surfaces_server_detail[index.html0-downloadUserDataExport-\u63a5\u7d9a]" time="0.003" /><testcase classname="tests.test_form_error_handling" name="test_handler_surfaces_server_detail[index.html1-submitFeedback-\u63a5\u7d9a]" time="0.004" /><testcase classname="tests.test_form_error_handling" name="test_handler_surfaces_server_detail[index.html1-submitSupportRequest-\u63a5\u7d9a]" time="0.003" /><testcase classname="tests.test_form_error_handling" name="test_handler_surfaces_server_detail[index.html1-punchCard-\u63a5\u7d9a]" time="0.003" /><testcase classname="tests.test_form_error_handling" name="test_handler_surfaces_server_detail[index.html1-approveAttendanceData-\u63a5\u7d9a]" time="0.003" /><testcase classname="tests.test_form_error_handling" name="test_handler_surfaces_server_detail[index.html1-downloadUserDataExport-\u63a5\u7d9a]" time="0.003" /><testcase classname="tests.test_form_error_handling" name="test_both_mirrors_consistent[submitFeedback]" time="0.006" /><testcase classname="tests.test_form_error_handling" name="test_both_mirrors_consistent[submitSupportRequest]" time="0.006" /><testcase classname="tests.test_form_error_handling" name="test_both_mirrors_consistent[punchCard]" time="0.006" /><testcase classname="tests.test_form_error_handling" name="test_both_mirrors_consistent[approveAttendanceData]" time="0.007" /><testcase classname="tests.test_form_error_handling" name="test_both_mirrors_consistent[downloadUserDataExport]" time="0.007" /><testcase classname="tests.test_form_error_handling" name="test_feedback_rejects_out_of_range_nps_with_specific_400" time="0.021" /><testcase classname="tests.test_form_error_handling" name="test_feedback_rejects_bad_rating_with_specific_400" time="0.018" /><testcase classname="tests.test_form_error_handling" name="test_support_rejects_short_message_with_specific_400" time="0.018" /><testcase classname="tests.test_form_error_handling" name="test_punch_rejects_missing_consent_with_specific_400" time="0.055" /><testcase classname="tests.test_form_error_handling" name="test_punch_rejects_short_identifier_with_specific_400" time="0.021" /><testcase classname="tests.test_form_error_handling" name="test_approve_requires_basic_auth_401" time="0.022" /><testcase classname="tests.test_form_error_handling" name="test_approve_rejects_bad_import_id_with_specific_400" time="0.020" /><testcase classname="tests.test_form_error_handling" name="test_user_data_export_rejects_unauthenticated_request" time="0.023" /><testcase classname="tests.test_form_error_handling" name="test_audit_harness_all_hypotheses_pass" time="0.018" /><testcase classname="tests.test_frontend_api_contract" name="test_has_path_traverses_dicts_and_first_list_element" time="0.000" /><testcase classname="tests.test_frontend_api_contract" name="test_has_path_empty_list_fails" time="0.000" /><testcase classname="tests.test_frontend_api_contract" name="test_backend_responses_satisfy_contract" time="0.057" /><testcase classname="tests.test_frontend_api_contract" name="test_both_html_mirrors_reference_contract_fields" time="0.007" /><testcase classname="tests.test_frontend_api_contract" name="test_audit_harness_all_hypotheses_pass" time="0.134" /><testcase classname="tests.test_frontend_ux_enhancements" name="test_browser_language_auto_detection_implemented" time="0.003" /><testcase classname="tests.test_frontend_ux_enhancements" name="test_media_print_stylesheet_exists" time="0.003" /><testcase classname="tests.test_frontend_ux_enhancements" name="test_keyboard_shortcuts_registered" time="0.003" /><testcase classname="tests.test_frontend_ux_enhancements" name="test_interview_notes_field_exists" time="0.003" /><testcase classname="tests.test_ga_acceptance_e2e" name="test_current_local_date_uses_iso_today" time="0.001" /><testcase classname="tests.test_ga_acceptance_e2e" name="test_in_process_ga_flows_all_pass" time="0.929" /><testcase classname="tests.test_ga_acceptance_e2e" name="test_report_shape_and_scope_note" time="0.743" /><testcase classname="tests.test_ga_acceptance_e2e" name="test_consent_enforcement_hypothesis_present" time="2.180" /><testcase classname="tests.test_gemini_cli_migration" name="test_clean_project_allows_historical_docs" time="1.011" /><testcase classname="tests.test_gemini_cli_migration" name="test_active_firebase_gemini_cli_extension_is_critical" time="0.048" /><testcase classname="tests.test_gemini_cli_migration" name="test_active_code_assist_extension_recommendation_is_critical" time="0.048" /><testcase classname="tests.test_gemini_cli_migration" name="test_report_files_are_written" time="0.076" /><testcase classname="tests.test_gemini_model_migration_eval" name="test_migration_eval_all_hypotheses_pass_on_real_repo" time="0.033" /><testcase classname="tests.test_gemini_model_migration_eval" name="test_production_default_is_current_stable_top" time="0.019" /><testcase classname="tests.test_gemini_model_migration_eval" name="test_shutdown_models_are_blocked" time="0.001" /><testcase classname="tests.test_gemini_model_migration_eval" name="test_live_comparison_skipped_without_key" time="0.001" /><testcase classname="tests.test_gemini_model_migration_eval" name="test_offline_parser_ignores_process_api_key_and_restores_it" time="0.000" /><testcase classname="tests.test_gemini_model_migration_eval" name="test_report_json_is_serializable" time="0.046" /><testcase classname="tests.test_gemini_model_policy" name="test_policy_passes_for_stable_default" time="0.084" /><testcase classname="tests.test_gemini_model_policy" name="test_latest_alias_is_blocked_in_runtime" time="0.034" /><testcase classname="tests.test_gemini_model_policy" name="test_scan_exclude_paths_skips_test_fixture_files" time="0.057" /><testcase classname="tests.test_gemini_model_policy" name="test_current_truth_doc_cannot_mark_old_model_as_current" time="0.022" /><testcase classname="tests.test_gemini_model_policy" name="test_report_files_are_written" time="0.070" /><testcase classname="tests.test_github_issue_wbs_sync" name="test_extracts_bracketed_and_bare_task_ids" time="0.000" /><testcase classname="tests.test_github_issue_wbs_sync" name="test_extracts_subtask_ids_and_multiple" time="0.000" /><testcase classname="tests.test_github_issue_wbs_sync" name="test_ignores_non_task_tokens" time="0.000" /><testcase classname="tests.test_github_issue_wbs_sync" name="test_issue_whose_tasks_are_all_done_is_stale" time="0.000" /><testcase classname="tests.test_github_issue_wbs_sync" name="test_issue_with_an_incomplete_task_is_legitimate" time="0.000" /><testcase classname="tests.test_github_issue_wbs_sync" name="test_mixed_issue_is_legitimate_when_any_task_is_open" time="0.000" /><testcase classname="tests.test_github_issue_wbs_sync" name="test_issue_referencing_no_task_is_unlinked_not_stale" time="0.000" /><testcase classname="tests.test_github_issue_wbs_sync" name="test_unknown_task_id_is_unlinked_not_stale" time="0.000" /><testcase classname="tests.test_github_issue_wbs_sync" name="test_load_wbs_status_reads_the_real_tsv" time="0.002" /><testcase classname="tests.test_google_workspace_account" name="test_expired_oauth_refresh_prompts_reauth" time="0.000" /><testcase classname="tests.test_google_workspace_account" name="test_reauth_detector_recognizes_google_invalid_grant" time="0.000" /><testcase classname="tests.test_google_workspace_account" name="test_reauth_message_does_not_include_secret_material" time="0.000" /><testcase classname="tests.test_guard_catalog_audit" name="test_registered_guards_reads_machine_source_of_truth" time="0.000" /><testcase classname="tests.test_guard_catalog_audit" name="test_cataloged_guards_parses_headings" time="0.000" /><testcase classname="tests.test_guard_catalog_audit" name="test_undocumented_are_registered_but_absent_from_catalog" time="0.000" /><testcase classname="tests.test_guard_catalog_audit" name="test_phantom_are_cataloged_but_neither_registered_nor_exempt" time="0.000" /><testcase classname="tests.test_guard_catalog_audit" name="test_no_drift_when_catalog_matches_known_set" time="0.000" /><testcase classname="tests.test_guard_catalog_audit" name="test_evaluate_passes_on_the_real_repo" time="0.003" /><testcase classname="tests.test_i18n_coverage" name="test_i18n_dict_exists_and_has_four_languages" time="0.005" /><testcase classname="tests.test_i18n_coverage" name="test_i18n_dict_key_symmetry" time="0.005" /><testcase classname="tests.test_i18n_coverage" name="test_html_data_i18n_attributes_defined_in_dict" time="0.007" /><testcase classname="tests.test_i18n_coverage" name="test_i18n_section_coverage" time="0.005" /><testcase classname="tests.test_incident_postmortem_docs" name="test_t810_postmortem_docs_exist_and_link_r44" time="0.001" /><testcase classname="tests.test_incident_postmortem_docs" name="test_t810_issue_tracker_has_postmortem_followup" time="0.001" /><testcase classname="tests.test_infra_monitoring_dashboard" name="test_parse_prometheus_metrics_categorizes_supabase_series" time="0.000" /><testcase classname="tests.test_infra_monitoring_dashboard" name="test_local_host_resource_status_caps_critical_by_default" time="0.000" /><testcase classname="tests.test_infra_monitoring_dashboard" name="test_dashboard_writes_reports_without_secret_like_values" time="0.441" /><testcase classname="tests.test_infra_monitoring_dashboard" name="test_fail_on_critical_returns_nonzero" time="0.340" /><testcase classname="tests.test_infra_monitoring_dashboard" name="test_external_usage_summary_counts_billable_and_blocked" time="0.019" /><testcase classname="tests.test_instant_sandbox_matcher" name="test_simulate_instant_sandbox_match_python" time="0.000" /><testcase classname="tests.test_instant_sandbox_matcher" name="test_simulate_instant_sandbox_match_generic" time="0.000" /><testcase classname="tests.test_interactive_webhook" name="test_handle_interactive_action_propose" time="0.000" /><testcase classname="tests.test_interactive_webhook" name="test_handle_interactive_action_keep" time="0.000" /><testcase classname="tests.test_interactive_webhook" name="test_handle_interactive_action_reject" time="0.000" /><testcase classname="tests.test_interactive_webhook" name="test_handle_interactive_action_invalid" time="0.000" /><testcase classname="tests.test_interview_roleplay_coach" name="test_interview_roleplay_coach_prep" time="0.000" /><testcase classname="tests.test_interview_roleplay_coach" name="test_interview_roleplay_coach_evaluation" time="0.000" /><testcase classname="tests.test_interview_scheduler" name="test_generate_interview_candidate_slots" time="0.000" /><testcase classname="tests.test_interview_scheduler" name="test_build_google_calendar_url" time="0.001" /><testcase classname="tests.test_interview_scheduler" name="test_create_interview_schedule_package" time="0.000" /><testcase classname="tests.test_issue_qa_blocker_audit" name="test_build_report_flags_open_issue_and_unanswered_qa" time="0.000" /><testcase classname="tests.test_issue_qa_blocker_audit" name="test_build_report_accepts_transferred_and_answered_states" time="0.000" /><testcase classname="tests.test_japanese_wording_consistency" name="test_style_guide_file_exists" time="0.001" /><testcase classname="tests.test_japanese_wording_consistency" name="test_ui_files_exist" time="0.001" /><testcase classname="tests.test_japanese_wording_consistency" name="test_check_forbidden_raw_errors_clean" time="0.000" /><testcase classname="tests.test_japanese_wording_consistency" name="test_check_forbidden_raw_errors_detects_forbidden" time="0.000" /><testcase classname="tests.test_japanese_wording_consistency" name="test_check_glossary_presence_detects_missing" time="0.000" /><testcase classname="tests.test_japanese_wording_consistency" name="test_full_japanese_wording_audit_passes" time="0.018" /><testcase classname="tests.test_japanese_wording_consistency" name="test_write_exports_creates_valid_files" time="0.022" /><testcase classname="tests.test_knowledge_graph_connectivity" name="test_master_knowledge_graph_file_exists" time="0.000" /><testcase classname="tests.test_knowledge_graph_connectivity" name="test_collect_md_files_excludes_local_cache_directories" time="0.072" /><testcase classname="tests.test_knowledge_graph_connectivity" name="test_collect_md_files_uses_git_index_and_excludes_local_only_docs" time="0.004" /><testcase classname="tests.test_knowledge_graph_connectivity" name="test_build_path_map_preserves_canonical_path_with_duplicate_basename" time="0.006" /><testcase classname="tests.test_knowledge_graph_connectivity" name="test_zero_isolated_markdown_files" time="1.021" /><testcase classname="tests.test_lane_preflight" name="test_good_baseline_passes_all_ten" time="0.000" /><testcase classname="tests.test_lane_preflight" name="test_h1_flags_too_few_guards" time="0.000" /><testcase classname="tests.test_lane_preflight" name="test_h1_flags_too_few_test_files" time="0.000" /><testcase classname="tests.test_lane_preflight" name="test_h2_flags_unclassified_guard" time="0.000" /><testcase classname="tests.test_lane_preflight" name="test_h2_accepts_a_guard_classified_as_exempt" time="0.000" /><testcase classname="tests.test_lane_preflight" name="test_h3_flags_stale_registry_entry" time="0.000" /><testcase classname="tests.test_lane_preflight" name="test_h3_flags_stale_exempt_entry" time="0.000" /><testcase classname="tests.test_lane_preflight" name="test_exempt_guards_are_not_required_to_pass_or_emit_evidence" time="0.000" /><testcase classname="tests.test_lane_preflight" name="test_h4_flags_failing_guard" time="0.000" /><testcase classname="tests.test_lane_preflight" name="test_h5_flags_failing_tests" time="0.000" /><testcase classname="tests.test_lane_preflight" name="test_h5_flags_test_errors" time="0.000" /><testcase classname="tests.test_lane_preflight" name="test_h5_and_h6_pass_but_are_marked_skipped_in_fast_mode" time="0.000" /><testcase classname="tests.test_lane_preflight" name="test_h6_flags_suite_shrinkage" time="0.000" /><testcase classname="tests.test_lane_preflight" name="test_pytest_collection_count_supports_quiet_pytest_9_output" time="0.000" /><testcase classname="tests.test_lane_preflight" name="test_pytest_parser_ignores_failure_words_when_process_passed" time="0.000" /><testcase classname="tests.test_lane_preflight" name="test_pytest_parser_fails_closed_without_a_summary" time="0.000" /><testcase classname="tests.test_lane_preflight" name="test_junit_parser_reads_exact_tests_failures_and_errors" time="0.021" /><testcase classname="tests.test_lane_preflight" name="test_junit_parser_supports_single_testsuite_root" time="0.026" /><testcase classname="tests.test_lane_preflight" name="test_junit_parser_rejects_malformed_diagnostics" time="0.013" /><testcase classname="tests.test_lane_preflight" name="test_h7_flags_guard_without_ci_path" time="0.000" /><testcase classname="tests.test_lane_preflight" name="test_h8_flags_missing_evidence" time="0.000" /><testcase classname="tests.test_lane_preflight" name="test_h9_flags_closeout_drift" time="0.000" /><testcase classname="tests.test_lane_preflight" name="test_h10_fails_when_any_prior_hypothesis_fails" time="0.000" /><testcase classname="tests.test_lane_preflight" name="test_h10_passes_only_on_clean_baseline" time="0.000" /><testcase classname="tests.test_lane_preflight" name="test_discover_guards_finds_real_audit_scripts" time="0.001" /><testcase classname="tests.test_lane_preflight" name="test_partition_matches_real_guards_exactly" time="0.001" /><testcase classname="tests.test_lane_preflight" name="test_partition_is_disjoint" time="0.000" /><testcase classname="tests.test_lane_preflight" name="test_every_classified_guard_has_a_purpose_or_reason_note" time="0.000" /><testcase classname="tests.test_lane_preflight" name="test_declared_evidence_is_read_from_the_guard_not_guessed" time="0.001" /><testcase classname="tests.test_lane_preflight" name="test_declared_evidence_is_none_for_a_guard_that_declares_no_export" time="0.001" /><testcase classname="tests.test_lane_preflight" name="test_every_preflight_guard_declares_an_evidence_artefact" time="0.318" /><testcase classname="tests.test_lane_preflight" name="test_imported_guards_detects_real_test_bindings" time="0.098" /><testcase classname="tests.test_lane_preflight" name="test_real_repo_has_no_guard_without_ci_path" time="0.031" /><testcase classname="tests.test_lane_preflight" name="test_real_agents_md_documents_the_preflight" time="0.000" /><testcase classname="tests.test_lane_preflight" name="test_render_markdown_contains_verdict_and_all_ten_rows" time="0.000" /><testcase classname="tests.test_language_switch" name="test_language_switch_flow" time="8.378" /><testcase classname="tests.test_legal_consent_ui" name="test_public_index_has_legal_consent_discoverability" time="0.004" /><testcase classname="tests.test_legal_consent_ui" name="test_src_index_has_legal_consent_discoverability" time="0.004" /><testcase classname="tests.test_legal_consent_ui" name="test_public_index_has_legal_consent_ui_and_footer_links" time="0.003" /><testcase classname="tests.test_legal_consent_ui" name="test_src_index_has_legal_consent_ui_and_footer_links" time="0.004" /><testcase classname="tests.test_legal_disclosures_audit" name="test_missing_items_detects_absent" time="0.000" /><testcase classname="tests.test_legal_disclosures_audit" name="test_missing_items_empty_when_all_present_via_alternatives" time="0.000" /><testcase classname="tests.test_legal_disclosures_audit" name="test_both_cover_true_when_in_both" time="0.000" /><testcase classname="tests.test_legal_disclosures_audit" name="test_both_cover_true_via_alternative_keyword" time="0.000" /><testcase classname="tests.test_legal_disclosures_audit" name="test_both_cover_false_when_missing_in_one" time="0.000" /><testcase classname="tests.test_legal_disclosures_audit" name="test_placeholder_count_counts_markers" time="0.000" /><testcase classname="tests.test_legal_disclosures_audit" name="test_placeholder_count_zero_on_confirmed_text" time="0.000" /><testcase classname="tests.test_legal_disclosures_audit" name="test_placeholder_count_counts_legal_review_markers" time="0.000" /><testcase classname="tests.test_legal_disclosures_audit" name="test_placeholder_count_counts_inline_colon_marker_form" time="0.000" /><testcase classname="tests.test_legal_disclosures_audit" name="test_current_docs_pass_audit" time="0.002" /><testcase classname="tests.test_legal_disclosures_audit" name="test_report_records_placeholder_count" time="0.003" /><testcase classname="tests.test_legal_review_resolution_draft" name="test_draft_exists" time="0.000" /><testcase classname="tests.test_legal_review_resolution_draft" name="test_declares_it_is_not_a_substitute_for_legal_review" time="0.000" /><testcase classname="tests.test_legal_review_resolution_draft" name="test_every_ga_marker_has_a_section" time="0.001" /><testcase classname="tests.test_legal_review_resolution_draft" name="test_each_section_declares_an_allowed_category" time="0.001" /><testcase classname="tests.test_legal_review_resolution_draft" name="test_each_section_carries_draft_basis_and_required_input" time="0.001" /><testcase classname="tests.test_legal_review_resolution_draft" name="test_company_fact_sections_keep_an_outstanding_input_line" time="0.000" /><testcase classname="tests.test_legal_review_resolution_draft" name="test_pii_officer_is_still_unfilled" time="0.000" /><testcase classname="tests.test_legal_review_resolution_draft" name="test_corporate_facts_are_attributed_to_a_source" time="0.001" /><testcase classname="tests.test_legal_review_resolution_draft" name="test_lists_the_company_inputs_needed_in_one_place" time="0.000" /><testcase classname="tests.test_legal_review_resolution_draft" name="test_paid_launch_markers_are_not_presented_as_ga_scope" time="0.000" /><testcase classname="tests.test_legal_review_signoff" name="test_tracker_exists_with_expected_columns" time="0.000" /><testcase classname="tests.test_legal_review_signoff" name="test_every_row_has_valid_gate_state_and_doc" time="0.000" /><testcase classname="tests.test_legal_review_signoff" name="test_inline_marker_parity_per_doc" time="0.001" /><testcase classname="tests.test_legal_review_signoff" name="test_ga_and_paid_subsets_both_present" time="0.000" /><testcase classname="tests.test_legal_review_signoff" name="test_paid_rows_defer_to_t862" time="0.000" /><testcase classname="tests.test_legal_review_signoff" name="test_ids_are_unique" time="0.000" /><testcase classname="tests.test_local_dev_stack" name="test_valid_local_stack_static_config_passes" time="0.073" /><testcase classname="tests.test_local_dev_stack" name="test_missing_firebase_emulator_is_critical" time="0.046" /><testcase classname="tests.test_local_dev_stack" name="test_seed_company_email_is_critical" time="0.022" /><testcase classname="tests.test_local_dev_stack" name="test_current_env_rejects_non_local_supabase_db_url_without_leaking_password" time="0.015" /><testcase classname="tests.test_local_dev_stack" name="test_current_env_accepts_local_supabase_db_url" time="0.019" /><testcase classname="tests.test_market_intelligence" name="test_calculate_market_skill_insights_basic" time="0.000" /><testcase classname="tests.test_meeting_fact_extractor" name="test_meeting_fact_extractor" time="0.000" /><testcase classname="tests.test_mikiwame_ai_integration" name="test_calculate_multidimensional_score_high_fit" time="0.000" /><testcase classname="tests.test_mikiwame_ai_integration" name="test_calculate_multidimensional_score_enterprise_fit" time="0.000" /><testcase classname="tests.test_monthly_quality_delivery" name="test_default_target_month_uses_last_completed_month" time="0.000" /><testcase classname="tests.test_monthly_quality_delivery" name="test_merge_kpi_values_appends_and_updates_same_month" time="0.047" /><testcase classname="tests.test_monthly_quality_delivery" name="test_payloads_do_not_include_notification_secrets" time="0.015" /><testcase classname="tests.test_monthly_quality_delivery" name="test_output_artifacts_are_month_scoped" time="0.017" /><testcase classname="tests.test_monthly_quality_report" name="test_month_bounds_and_prev_month" time="0.000" /><testcase classname="tests.test_monthly_quality_report" name="test_parse_date_supports_tsv_formats" time="0.000" /><testcase classname="tests.test_monthly_quality_report" name="test_wbs_progress_against_repo_data" time="0.012" /><testcase classname="tests.test_monthly_quality_report" name="test_render_contains_required_sections" time="0.031" /><testcase classname="tests.test_monthly_quality_report" name="test_usage_summary_aggregates_audit_files" time="0.001" /><testcase classname="tests.test_obsidian_workflow_doc" name="test_obsidian_workflow_doc_exists_and_valid" time="0.000" /><testcase classname="tests.test_obsidian_workflow_doc" name="test_generate_obsidian_vault_structure" time="0.007" /><testcase classname="tests.test_onboarding_flow" name="test_state_exposes_ordered_step_catalogue" time="0.004" /><testcase classname="tests.test_onboarding_flow" name="test_state_requires_account_and_legal_consent_steps" time="0.003" /><testcase classname="tests.test_onboarding_flow" name="test_progress_reports_remaining_required_steps" time="0.004" /><testcase classname="tests.test_onboarding_flow" name="test_progress_can_activate_when_all_required_done" time="0.006" /><testcase classname="tests.test_onboarding_flow" name="test_progress_ignores_unknown_step_ids" time="0.003" /><testcase classname="tests.test_onboarding_flow" name="test_activate_succeeds_and_pseudonymizes_the_identifier" time="0.008" /><testcase classname="tests.test_onboarding_flow" name="test_activate_is_deterministic_per_identifier" time="0.015" /><testcase classname="tests.test_onboarding_flow" name="test_activate_rejects_missing_required_steps" time="0.006" /><testcase classname="tests.test_onboarding_flow" name="test_activate_rejects_unaccepted_legal_consent" time="0.007" /><testcase classname="tests.test_onboarding_flow" name="test_activate_rejects_stale_legal_consent_version" time="0.006" /><testcase classname="tests.test_onboarding_flow" name="test_activate_rejects_blank_account_identifier" time="0.006" /><testcase classname="tests.test_onboarding_flow" name="test_public_index_has_onboarding_ui" time="0.004" /><testcase classname="tests.test_onboarding_flow" name="test_src_index_has_onboarding_ui" time="0.004" /><testcase classname="tests.test_onboarding_flow" name="test_index_mirrors_stay_identical" time="0.005" /><testcase classname="tests.test_onboarding_flow" name="test_static_fallback_steps_match_the_server_catalogue" time="0.003" /><testcase classname="tests.test_onboarding_flow" name="test_user_guide_documents_the_onboarding_flow" time="0.000" /><testcase classname="tests.test_operations_cadence_audit" name="test_cadence_sections_parses_frequency_headings" time="0.000" /><testcase classname="tests.test_operations_cadence_audit" name="test_calendar_runbooks_extracts_linked_runbooks" time="0.000" /><testcase classname="tests.test_operations_cadence_audit" name="test_dangling_links_flags_missing_files" time="0.000" /><testcase classname="tests.test_operations_cadence_audit" name="test_missing_required_detects_an_absent_obligation" time="0.000" /><testcase classname="tests.test_operations_cadence_audit" name="test_missing_required_empty_on_the_real_calendar" time="0.000" /><testcase classname="tests.test_operations_cadence_audit" name="test_unregistered_cadence_runbooks_respects_exclusions" time="0.000" /><testcase classname="tests.test_operations_cadence_audit" name="test_evaluate_passes_on_the_real_repo" time="0.012" /><testcase classname="tests.test_paid_launch_decision_pack" name="test_states_date_and_management_decision" time="0.001" /><testcase classname="tests.test_paid_launch_decision_pack" name="test_covers_seven_decision_materials" time="0.000" /><testcase classname="tests.test_paid_launch_decision_pack" name="test_frames_go_nogo_hold_neutrally" time="0.000" /><testcase classname="tests.test_paid_launch_decision_pack" name="test_lays_out_go_path_in_order" time="0.000" /><testcase classname="tests.test_paid_launch_decision_pack" name="test_has_withdrawal_or_hold_conditions" time="0.000" /><testcase classname="tests.test_paid_launch_decision_pack" name="test_includes_legal_disclosure_readiness" time="0.000" /><testcase classname="tests.test_paid_launch_decision_pack" name="test_no_credential_shaped_strings" time="0.000" /><testcase classname="tests.test_paid_launch_evidence_audit" name="test_snapshot_exposes_missing_measurement_without_secrets" time="0.058" /><testcase classname="tests.test_paid_launch_evidence_audit" name="test_real_decision_pack_passes_all_ten_hypotheses" time="0.051" /><testcase classname="tests.test_paid_launch_evidence_audit" name="test_false_sales_claim_is_rejected" time="0.044" /><testcase classname="tests.test_paid_launch_evidence_audit" name="test_missing_human_signoff_marker_is_rejected" time="0.059" /><testcase classname="tests.test_paid_launch_evidence_audit" name="test_go_claim_without_closed_gates_is_rejected" time="0.065" /><testcase classname="tests.test_perfect_score_enhancements" name="test_pwa_meta_tags_and_offline_listener_exist" time="0.003" /><testcase classname="tests.test_perfect_score_enhancements" name="test_numeric_countup_animation_helper_exists" time="0.003" /><testcase classname="tests.test_perfect_score_enhancements" name="test_keyboard_shortcut_help_modal_exists" time="0.003" /><testcase classname="tests.test_perfect_score_enhancements" name="test_new_i18n_keys_defined" time="0.003" /><testcase classname="tests.test_placement_velocity_predictor" name="test_placement_velocity_predictor_hot_deal" time="0.000" /><testcase classname="tests.test_placement_velocity_predictor" name="test_placement_velocity_predictor_standard_deal" time="0.000" /><testcase classname="tests.test_post_launch_retrospective" name="test_states_window_and_wbs_reference" time="0.000" /><testcase classname="tests.test_post_launch_retrospective" name="test_uses_kpt_frame" time="0.000" /><testcase classname="tests.test_post_launch_retrospective" name="test_cites_ga_period_incidents_and_a_postmortem" time="0.000" /><testcase classname="tests.test_post_launch_retrospective" name="test_triages_open_issues_resolved_vs_ongoing" time="0.000" /><testcase classname="tests.test_post_launch_retrospective" name="test_prevention_actions_tie_to_wbs" time="0.000" /><testcase classname="tests.test_post_launch_retrospective" name="test_feeds_next_phase_roadmap" time="0.001" /><testcase classname="tests.test_post_launch_retrospective" name="test_contains_no_credential_shaped_strings" time="0.000" /><testcase classname="tests.test_pricing_consistency_audit" name="test_canonical_monthly_amounts_from_table_row" time="0.000" /><testcase classname="tests.test_pricing_consistency_audit" name="test_canonical_ignores_free_and_overage_scale" time="0.000" /><testcase classname="tests.test_pricing_consistency_audit" name="test_plan_price_amounts_reads_only_plan_restatement_lines" time="0.000" /><testcase classname="tests.test_pricing_consistency_audit" name="test_plan_price_amounts_catches_uncomma_and_tax_inclusive_on_one_line" time="0.000" /><testcase classname="tests.test_pricing_consistency_audit" name="test_drift_amounts_is_empty_when_consistent" time="0.000" /><testcase classname="tests.test_pricing_consistency_audit" name="test_drift_amounts_flags_a_changed_price" time="0.000" /><testcase classname="tests.test_pricing_consistency_audit" name="test_free_nonzero_mentions_clean_when_free_is_zero" time="0.000" /><testcase classname="tests.test_pricing_consistency_audit" name="test_free_nonzero_mentions_flags_priced_free" time="0.000" /><testcase classname="tests.test_pricing_consistency_audit" name="test_placeholder_count_detects_provisional_markers" time="0.000" /><testcase classname="tests.test_pricing_consistency_audit" name="test_evaluate_passes_on_the_real_repo" time="0.055" /><testcase classname="tests.test_pricing_consistency_audit" name="test_no_price_quoting_doc_silently_escapes_the_drift_scan" time="0.156" /><testcase classname="tests.test_production_go_no_go_review" name="test_build_report_groups_scopes_and_no_go_on_blocked" time="0.046" /><testcase classname="tests.test_production_go_no_go_review" name="test_human_gate_becomes_conditional_without_blocked" time="0.038" /><testcase classname="tests.test_production_go_no_go_review" name="test_duplicate_criterion_id_is_rejected" time="0.033" /><testcase classname="tests.test_production_go_no_go_review" name="test_main_writes_json_and_redacted_markdown" time="0.107" /><testcase classname="tests.test_production_onboarding_uat" name="test_uat_passes_contract_without_recording_sensitive_values" time="0.000" /><testcase classname="tests.test_production_onboarding_uat" name="test_uat_rejects_non_production_or_credential_bearing_urls" time="0.000" /><testcase classname="tests.test_production_onboarding_uat" name="test_workflow_runs_manually_and_always_uploads_report" time="0.001" /><testcase classname="tests.test_production_responsive_layout" name="test_authenticated_desktop_layout_has_no_document_overflow" time="4.227" /><testcase classname="tests.test_production_responsive_layout" name="test_all_sidebar_destinations_are_real_views_inside_the_app_shell" time="5.825" /><testcase classname="tests.test_production_responsive_layout" name="test_light_theme_uses_readable_content_and_navigation_surfaces" time="1.674" /><testcase classname="tests.test_production_responsive_layout" name="test_authenticated_mobile_layout_and_drawer_are_usable" time="5.101" /><testcase classname="tests.test_proposal_generator" name="test_generate_client_proposal_draft" time="0.000" /><testcase classname="tests.test_proposal_generator" name="test_generate_engineer_inquiry_draft" time="0.000" /><testcase classname="tests.test_public_matching_filters" name="test_filter_controls_exist_in_both_html_files" time="0.008" /><testcase classname="tests.test_public_matching_filters" name="test_empty_filtered_results_do_not_fall_back_to_demo_rows" time="0.006" /><testcase classname="tests.test_public_matching_filters" name="test_api_matches_are_enriched_with_project_filter_fields" time="0.007" /><testcase classname="tests.test_public_matching_filters" name="test_skill_filter_uses_project_required_skills" time="0.005" /><testcase classname="tests.test_public_matching_filters" name="test_rate_filter_excludes_unknown_rates_and_checks_range_overlap" time="0.006" /><testcase classname="tests.test_public_matching_filters" name="test_received_date_filter_refreshes_api_and_preserves_empty_results" time="0.008" /><testcase classname="tests.test_public_matching_filters" name="test_filter_toolbar_uses_scoped_responsive_styles" time="0.006" /><testcase classname="tests.test_public_matching_talent_label" name="test_every_match_row_exposes_non_empty_talent_label" time="0.009" /><testcase classname="tests.test_public_matching_talent_label" name="test_talent_label_stays_anonymized" time="0.004" /><testcase classname="tests.test_public_matching_talent_label" name="test_talent_label_matches_the_talents_summary" time="0.004" /><testcase classname="tests.test_public_matching_talent_label" name="test_public_matching_table_maps_talent_label_in_both_html" time="0.007" /><testcase classname="tests.test_quota_error_alert_review" name="test_ready_report_contains_firebase_and_supabase_checks" time="0.171" /><testcase classname="tests.test_quota_error_alert_review" name="test_critical_query_review_fails_when_requested" time="0.057" /><testcase classname="tests.test_quota_error_alert_review" name="test_secret_like_text_is_redacted_from_outputs" time="0.026" /><testcase classname="tests.test_quota_error_alert_review" name="test_missing_budget_rows_are_warnings_not_critical" time="0.084" /><testcase classname="tests.test_read_load_simulation" name="test_erlang_c_matches_known_theory" time="0.000" /><testcase classname="tests.test_read_load_simulation" name="test_queue_metrics_saturation_and_budget" time="0.000" /><testcase classname="tests.test_read_load_simulation" name="test_instances_needed_monotonic_and_replica_effect" time="0.000" /><testcase classname="tests.test_read_load_simulation" name="test_route_classification_matches_app_surface" time="0.003" /><testcase classname="tests.test_read_load_simulation" name="test_safety_formula_within_supavisor_budget" time="0.000" /><testcase classname="tests.test_read_load_simulation" name="test_full_report_all_hypotheses_pass_without_fresh_load" time="0.007" /><testcase classname="tests.test_real_sales_emails_ingestion" name="test_real_sales_emails_counts" time="0.012" /><testcase classname="tests.test_real_sales_emails_ingestion" name="test_sales_email_analytics_api_endpoint" time="0.017" /><testcase classname="tests.test_recalculate_wbs_schedule" name="test_dry_run_is_default_and_writes_nothing" time="0.019" /><testcase classname="tests.test_recalculate_wbs_schedule" name="test_explicit_dry_run_writes_nothing" time="0.004" /><testcase classname="tests.test_recalculate_wbs_schedule" name="test_apply_moves_stale_uncompleted_rows_to_today" time="0.021" /><testcase classname="tests.test_recalculate_wbs_schedule" name="test_apply_never_touches_completed_rows" time="0.008" /><testcase classname="tests.test_recalculate_wbs_schedule" name="test_apply_leaves_future_rows_untouched" time="0.006" /><testcase classname="tests.test_recalculate_wbs_schedule" name="test_apply_keeps_no_backward_dates" time="0.006" /><testcase classname="tests.test_recalculate_wbs_schedule" name="test_apply_is_idempotent" time="0.006" /><testcase classname="tests.test_recalculate_wbs_schedule" name="test_apply_preserves_crlf_and_column_count" time="0.006" /><testcase classname="tests.test_recalculate_wbs_schedule" name="test_load_rejects_malformed_column_count" time="0.017" /><testcase classname="tests.test_recalculate_wbs_schedule" name="test_load_rejects_duplicate_ids" time="0.024" /><testcase classname="tests.test_recalculate_wbs_schedule" name="test_sheets_sync_does_not_invoke_recalculation" time="0.001" /><testcase classname="tests.test_recover_thunderbird_sales_emails" name="test_load_mbox_emails_filters_by_received_date_and_preserves_source" time="0.036" /><testcase classname="tests.test_recover_thunderbird_sales_emails" name="test_load_mbox_emails_skips_invalid_dates_and_limits_to_newest" time="0.067" /><testcase classname="tests.test_release_gate_currency_audit" name="test_related_wbs_ids_splits_semicolon_list" time="0.000" /><testcase classname="tests.test_release_gate_currency_audit" name="test_all_related_complete_detects_completion" time="0.000" /><testcase classname="tests.test_release_gate_currency_audit" name="test_stale_gates_are_nonpass_with_all_work_done" time="0.000" /><testcase classname="tests.test_release_gate_currency_audit" name="test_unannotated_stale_requires_the_reevaluation_marker" time="0.000" /><testcase classname="tests.test_release_gate_currency_audit" name="test_inverse_drift_flags_pass_with_open_work" time="0.000" /><testcase classname="tests.test_release_gate_currency_audit" name="test_dangling_wbs_refs_detected" time="0.000" /><testcase classname="tests.test_release_gate_currency_audit" name="test_guard_never_auto_passes_a_gate" time="0.001" /><testcase classname="tests.test_release_gate_currency_audit" name="test_evaluate_passes_on_the_real_repo" time="0.002" /><testcase classname="tests.test_release_gate_currency_audit" name="test_rendered_audit_has_no_trailing_whitespace" time="0.008" /><testcase classname="tests.test_release_versioning" name="test_controlled_demo_prerelease_is_valid" time="0.045" /><testcase classname="tests.test_release_versioning" name="test_ga_release_is_critical_when_public_paid_launch_is_no_go" time="0.048" /><testcase classname="tests.test_release_versioning" name="test_secret_like_value_in_changelog_is_critical" time="0.032" /><testcase classname="tests.test_release_versioning" name="test_write_report_outputs_json_and_markdown" time="0.067" /><testcase classname="tests.test_rls_policies" name="test_migration_file_exists" time="0.001" /><testcase classname="tests.test_rls_policies" name="test_row_level_security_enabled" time="0.001" /><testcase classname="tests.test_rls_policies" name="test_owner_security_policies_enforced" time="0.001" /><testcase classname="tests.test_rotate_runtime_logs" name="test_dry_run_reports_candidates_without_modifying_files" time="0.036" /><testcase classname="tests.test_rotate_runtime_logs" name="test_real_run_compresses_old_log_and_removes_source" time="0.056" /><testcase classname="tests.test_rotate_runtime_logs" name="test_prune_archives_respects_retention_days" time="0.014" /><testcase classname="tests.test_run_load_test_100_users" name="test_percentile_uses_nearest_rank" time="0.000" /><testcase classname="tests.test_run_load_test_100_users" name="test_summary_and_sla_pass_for_successful_metrics" time="0.001" /><testcase classname="tests.test_run_load_test_100_users" name="test_sla_fails_when_endpoint_has_error" time="0.000" /><testcase classname="tests.test_run_load_test_100_users" name="test_load_probe_configures_fast_deterministic_delays" time="0.015" /><testcase classname="tests.test_runbook_catalog_audit" name="test_runbook_files_enumerates_disk_runbooks" time="0.001" /><testcase classname="tests.test_runbook_catalog_audit" name="test_cataloged_runbooks_parses_markdown_links" time="0.000" /><testcase classname="tests.test_runbook_catalog_audit" name="test_orphans_are_disk_runbooks_missing_from_catalog" time="0.000" /><testcase classname="tests.test_runbook_catalog_audit" name="test_dangling_are_catalog_entries_missing_from_disk" time="0.000" /><testcase classname="tests.test_runbook_catalog_audit" name="test_no_orphan_or_dangling_when_sets_match" time="0.000" /><testcase classname="tests.test_runbook_catalog_audit" name="test_catalog_categories_reads_section_headings" time="0.000" /><testcase classname="tests.test_runbook_catalog_audit" name="test_evaluate_passes_on_the_real_repo" time="0.002" /><testcase classname="tests.test_runbook_catalog_audit" name="test_catalog_self_link_is_not_a_dangling_entry" time="0.001" /><testcase classname="tests.test_sales_autopilot_engine" name="test_sales_autopilot_engine_overnight_batch" time="0.000" /><testcase classname="tests.test_sales_email_ai_japanese_prompt" name="test_build_fallback_match_japanese_politeness" time="0.001" /><testcase classname="tests.test_sales_email_ai_japanese_prompt" name="test_build_fallback_match_empty_skills_graceful_japanese" time="0.002" /><testcase classname="tests.test_sales_email_alerts_autopilot" name="test_high_score_alerts_endpoint" time="0.167" /><testcase classname="tests.test_sales_email_alerts_autopilot" name="test_autopilot_queue_endpoint" time="0.007" /><testcase classname="tests.test_sales_email_autopilot_bridge" name="test_sales_email_autopilot_bridge_parse" time="0.000" /><testcase classname="tests.test_sales_email_autopilot_bridge" name="test_sales_email_autopilot_bridge_batch_matching" time="0.000" /><testcase classname="tests.test_sales_email_extract" name="test_project_requirement_extraction_is_structured_and_redacted" time="0.015" /><testcase classname="tests.test_sales_email_extract" name="test_talent_profile_extraction_uses_anonymized_identity" time="0.006" /><testcase classname="tests.test_sales_email_extract" name="test_cli_writes_sanitized_json_and_markdown" time="0.072" /><testcase classname="tests.test_sales_email_hardening_audit" name="test_all_hardening_hypotheses_pass_on_real_repo" time="0.027" /><testcase classname="tests.test_sales_email_hardening_audit" name="test_sanitized_record_never_carries_raw_pii" time="0.000" /><testcase classname="tests.test_sales_email_hardening_audit" name="test_parse_cli_batch_cap_default_env_and_flag" time="0.002" /><testcase classname="tests.test_sales_email_hardening_audit" name="test_schema_guard_would_catch_missing_rls" time="0.000" /><testcase classname="tests.test_sales_email_ingest" name="test_eml_and_txt_duplicates_are_detected_without_raw_body_output" time="0.048" /><testcase classname="tests.test_sales_email_ingest" name="test_csv_aliases_and_markdown_report_are_sanitized" time="0.069" /><testcase classname="tests.test_sales_email_ingest" name="test_unsupported_input_is_rejected" time="0.003" /><testcase classname="tests.test_sales_email_ingest" name="test_pop3_cli_option_is_rejected" time="0.001" /><testcase classname="tests.test_sales_email_match" name="test_match_report_builds_project_to_talent_candidates" time="0.003" /><testcase classname="tests.test_sales_email_match" name="test_match_report_supports_skill_filters_and_min_score" time="0.006" /><testcase classname="tests.test_sales_email_match" name="test_match_report_supports_overlapping_rate_range_filters" time="0.004" /><testcase classname="tests.test_sales_email_match" name="test_rate_filter_excludes_projects_without_rate_information" time="0.005" /><testcase classname="tests.test_sales_email_match" name="test_match_report_searches_sender_domain_and_structured_fields" time="0.006" /><testcase classname="tests.test_sales_email_match" name="test_match_report_filters_project_email_received_date_in_jst" time="0.004" /><testcase classname="tests.test_sales_email_match" name="test_match_criteria_rejects_invalid_rate_values" time="0.000" /><testcase classname="tests.test_sales_email_match" name="test_match_criteria_rejects_invalid_received_date_values" time="0.000" /><testcase classname="tests.test_sales_email_match" name="test_match_cli_outputs_sanitized_json_and_markdown" time="0.091" /><testcase classname="tests.test_sales_email_match" name="test_sales_email_match_api_uses_sanitized_report" time="0.015" /><testcase classname="tests.test_sales_email_match" name="test_sales_email_match_api_supports_keyword_and_rate_filters" time="0.035" /><testcase classname="tests.test_sales_email_match" name="test_sales_email_match_api_supports_received_date_filters" time="0.024" /><testcase classname="tests.test_sales_email_match" name="test_postgres_extraction_report_serializes_datetime_without_static_fallback" time="0.000" /><testcase classname="tests.test_sales_email_parser" name="test_sales_email_parser_fallback_project" time="1.013" /><testcase classname="tests.test_sales_email_parser" name="test_sales_email_parser_fallback_talent" time="0.955" /><testcase classname="tests.test_sales_email_parser" name="test_parse_sales_emails_cli_integration" time="0.130" /><testcase classname="tests.test_sales_email_pop3" name="test_fetch_pop3_emails_success" time="0.022" /><testcase classname="tests.test_sales_email_pop3" name="test_fetch_pop3_emails_rejects_deletion" time="0.002" /><testcase classname="tests.test_sales_email_pop3" name="test_fetch_pop3_emails_blank_leave_setting_is_safe" time="0.022" /><testcase classname="tests.test_sales_email_pop3" name="test_fetch_pop3_e
[...]
assname="tests.test_supabase_backup_scripts" name="test_prune_old_snapshots_keeps_retention_and_ignores_other_dirs" time="0.009" /><testcase classname="tests.test_supabase_backup_scripts" name="test_gcs_upload_uses_gcloud_storage" time="0.000" /><testcase classname="tests.test_supabase_backup_scripts" name="test_restore_dry_run_prints_safe_psql_command" time="0.014" /><testcase classname="tests.test_supabase_backup_scripts" name="test_restore_rejects_checksum_mismatch" time="0.051" /><testcase classname="tests.test_supabase_connection_pool" name="test_supabase_pooler_mode_detection" time="0.000" /><testcase classname="tests.test_supabase_connection_pool" name="test_supabase_pool_status_does_not_expose_connection_string" time="0.000" /><testcase classname="tests.test_supabase_connection_pool" name="test_get_db_connection_borrows_and_returns_pooled_connection" time="0.000" /><testcase classname="tests.test_supabase_performance_diagnostic" name="test_redact_db_url_masks_password" time="0.001" /><testcase classname="tests.test_supabase_performance_diagnostic" name="test_build_sql_bundle_contains_read_only_performance_probes" time="0.000" /><testcase classname="tests.test_supabase_performance_diagnostic" name="test_dry_run_writes_report_and_sql_without_secrets" time="0.049" /><testcase classname="tests.test_supabase_performance_diagnostic" name="test_execute_requires_supabase_db_url" time="0.008" /><testcase classname="tests.test_supabase_performance_diagnostic" name="test_psql_command_redaction_uses_safe_display" time="0.000" /><testcase classname="tests.test_supabase_postgres_version_check" name="test_extract_postgres_major_from_version_string" time="0.000" /><testcase classname="tests.test_supabase_postgres_version_check" name="test_assess_version_marks_pg14_critical" time="0.000" /><testcase classname="tests.test_supabase_postgres_version_check" name="test_offline_versions_write_report_without_secrets" time="0.100" /><testcase classname="tests.test_supabase_postgres_version_check" name="test_dry_run_redacts_ready_target_url" time="0.040" /><testcase classname="tests.test_supabase_postgres_version_check" name="test_missing_env_targets_are_reported" time="0.040" /><testcase classname="tests.test_supabase_query_performance_review" name="test_dry_run_report_generates_ready_dashboard_review" time="0.092" /><testcase classname="tests.test_supabase_query_performance_review" name="test_missing_performance_report_is_critical" time="0.042" /><testcase classname="tests.test_supabase_query_performance_review" name="test_missing_required_probe_is_critical" time="0.080" /><testcase classname="tests.test_supabase_query_performance_review" name="test_secret_like_text_is_redacted_from_rendered_output" time="0.023" /><testcase classname="tests.test_supabase_restore_drill" name="test_restore_drill_generates_redacted_pass_report" time="0.048" /><testcase classname="tests.test_supabase_restore_drill" name="test_restore_drill_accepts_existing_snapshot_dir" time="0.012" /><testcase classname="tests.test_supabase_restore_drill" name="test_restore_drill_checks_current_runbook_contracts" time="0.002" /><testcase classname="tests.test_survey_error_handling" name="test_short_growth_feedback_returns_specific_400" time="0.025" /><testcase classname="tests.test_survey_error_handling" name="test_survey_handler_surfaces_server_detail[index.html0]" time="0.004" /><testcase classname="tests.test_survey_error_handling" name="test_survey_handler_surfaces_server_detail[index.html1]" time="0.004" /><testcase classname="tests.test_survey_error_handling" name="test_survey_feedback_has_client_minlength[index.html0]" time="0.003" /><testcase classname="tests.test_survey_error_handling" name="test_survey_feedback_has_client_minlength[index.html1]" time="0.003" /><testcase classname="tests.test_survey_error_handling" name="test_both_index_files_survey_handler_consistent" time="0.006" /><testcase classname="tests.test_sync_docs_to_notebooklm" name="test_run_notebooklm_converts_timeout_to_completed_process" time="0.000" /><testcase classname="tests.test_sync_docs_to_notebooklm" name="test_sync_notebooklm_sources_skip_asks_does_not_call_ask" time="0.000" /><testcase classname="tests.test_sync_docs_to_notebooklm" name="test_sync_notebooklm_sources_can_skip_existing_source_refresh" time="0.000" /><testcase classname="tests.test_sync_docs_to_notebooklm" name="test_resolve_notebook_reuses_existing_title_before_create" time="0.000" /><testcase classname="tests.test_sync_docs_to_notebooklm" name="test_sync_google_docs_skips_unchanged_manifest_entries" time="0.017" /><testcase classname="tests.test_sync_docs_to_notebooklm" name="test_sync_google_docs_skips_legacy_manifest_when_mtime_is_old" time="0.016" /><testcase classname="tests.test_sync_docs_to_notebooklm" name="test_sync_google_docs_uploads_changed_docs_and_force_uploads" time="0.006" /><testcase classname="tests.test_sync_wbs_to_github" name="test_load_wbs_tasks_reads_utf8_bom_and_validates_columns" time="0.011" /><testcase classname="tests.test_sync_wbs_to_github" name="test_load_wbs_tasks_rejects_duplicate_ids" time="0.020" /><testcase classname="tests.test_sync_wbs_to_github" name="test_status_mapping_is_explicit[\u672a\u7740\u624b-OPEN-Todo]" time="0.000" /><testcase classname="tests.test_sync_wbs_to_github" name="test_status_mapping_is_explicit[\u5b9f\u884c\u4e2d-OPEN-In Progress]" time="0.000" /><testcase classname="tests.test_sync_wbs_to_github" name="test_status_mapping_is_explicit[\u5b8c\u4e86-CLOSED-Done]" time="0.000" /><testcase classname="tests.test_sync_wbs_to_github" name="test_find_issue_uses_exact_marker_before_title_fallback" time="0.000" /><testcase classname="tests.test_sync_wbs_to_github" name="test_merge_managed_block_preserves_human_written_issue_body" time="0.000" /><testcase classname="tests.test_sync_wbs_to_github" name="test_sync_creates_closes_and_adds_completed_task_to_project" time="0.000" /><testcase classname="tests.test_sync_wbs_to_github" name="test_sync_is_idempotent_when_issue_and_project_values_match" time="0.000" /><testcase classname="tests.test_sync_wbs_to_github" name="test_sync_is_idempotent_with_github_crlf_issue_body" time="0.000" /><testcase classname="tests.test_sync_wbs_to_github" name="test_sync_updates_open_task_to_in_progress_without_recreating_issue" time="0.001" /><testcase classname="tests.test_sync_wbs_to_github" name="test_dry_run_plans_changes_without_mutating_github" time="0.000" /><testcase classname="tests.test_sync_wbs_to_github" name="test_unknown_task_id_fails_before_any_remote_mutation" time="0.000" /><testcase classname="tests.test_talent_exchange_network" name="test_talent_exchange_network_deal_flow" time="0.000" /><testcase classname="tests.test_talent_retention_predictor" name="test_talent_retention_predictor_safe" time="0.000" /><testcase classname="tests.test_talent_retention_predictor" name="test_talent_retention_predictor_critical" time="0.000" /><testcase classname="tests.test_targeted_workflow_dependencies" name="test_targeted_pytest_workflows_install_shared_conftest_dependencies" time="0.001" /><testcase classname="tests.test_team_pack_matcher" name="test_team_pack_matcher_composition" time="0.000" /><testcase classname="tests.test_team_pack_matcher" name="test_team_pack_matcher_custom_engineers" time="0.000" /><testcase classname="tests.test_theme_toggle" name="test_h1_index_files_identical" time="0.006" /><testcase classname="tests.test_theme_toggle" name="test_h2_demo_markers_preserved" time="0.003" /><testcase classname="tests.test_theme_toggle" name="test_h3_html_parses" time="0.011" /><testcase classname="tests.test_theme_toggle" name="test_h4_light_theme_block_present" time="0.001" /><testcase classname="tests.test_theme_toggle" name="test_h5_toggle_button_present" time="0.000" /><testcase classname="tests.test_theme_toggle" name="test_h6_toggle_js_logic" time="0.001" /><testcase classname="tests.test_theme_toggle" name="test_h7_persistence" time="0.000" /><testcase classname="tests.test_theme_toggle" name="test_h8_default_dark" time="0.001" /><testcase classname="tests.test_theme_toggle" name="test_h9_additive_only" time="0.001" /><testcase classname="tests.test_theme_toggle" name="test_h10_toggle_in_topbar" time="0.002" /><testcase classname="tests.test_tracker_integrity" name="test_good_baseline_passes_all_ten" time="0.010" /><testcase classname="tests.test_tracker_integrity" name="test_h1_flags_ragged_issue_row" time="0.012" /><testcase classname="tests.test_tracker_integrity" name="test_h2_flags_ragged_qa_row" time="0.035" /><testcase classname="tests.test_tracker_integrity" name="test_h3_flags_ragged_release_row" time="0.010" /><testcase classname="tests.test_tracker_integrity" name="test_h4_flags_duplicate_id" time="0.020" /><testcase classname="tests.test_tracker_integrity" name="test_h5_flags_unknown_status" time="0.047" /><testcase classname="tests.test_tracker_integrity" name="test_h6_flags_bad_date" time="0.025" /><testcase classname="tests.test_tracker_integrity" name="test_h7_flags_dangling_wbs_reference" time="0.028" /><testcase classname="tests.test_tracker_integrity" name="test_h8_flags_empty_required_cell" time="0.014" /><testcase classname="tests.test_tracker_integrity" name="test_h9_flags_wbs_claiming_missing_tracker_id" time="0.038" /><testcase classname="tests.test_tracker_integrity" name="test_h10_flags_any_prior_drift" time="0.012" /><testcase classname="tests.test_tracker_integrity" name="test_real_trackers_are_integrity_clean" time="0.013" /><testcase classname="tests.test_training_modal_ui" name="test_index_and_src_index_mirror_identity" time="0.008" /><testcase classname="tests.test_training_modal_ui" name="test_training_section_dedicated_tab_structure" time="0.004" /><testcase classname="tests.test_training_modal_ui" name="test_training_handbook_links_no_target_blank" time="0.003" /><testcase classname="tests.test_training_modal_ui" name="test_training_i18n_keys" time="0.003" /><testcase classname="tests.test_uat_api_coverage" name="test_load_endpoints_filters_to_api_surface" time="0.003" /><testcase classname="tests.test_uat_api_coverage" name="test_good_baseline_passes_all_ten" time="0.000" /><testcase classname="tests.test_uat_api_coverage" name="test_h1_flags_too_few_cases" time="0.000" /><testcase classname="tests.test_uat_api_coverage" name="test_h2_flags_uat_api_not_in_app" time="0.000" /><testcase classname="tests.test_uat_api_coverage" name="test_h3_flags_uncovered_required_endpoint" time="0.000" /><testcase classname="tests.test_uat_api_coverage" name="test_h4_flags_unclassified_endpoint" time="0.000" /><testcase classname="tests.test_uat_api_coverage" name="test_h5_flags_required_exempt_overlap" time="0.000" /><testcase classname="tests.test_uat_api_coverage" name="test_h6_flags_stale_required" time="0.000" /><testcase classname="tests.test_uat_api_coverage" name="test_h7_flags_stale_exempt" time="0.000" /><testcase classname="tests.test_uat_api_coverage" name="test_h8_flags_missing_core_domain" time="0.000" /><testcase classname="tests.test_uat_api_coverage" name="test_h9_and_h10_flag_partial_coverage" time="0.000" /><testcase classname="tests.test_uat_api_coverage" name="test_real_uat_api_coverage_is_complete" time="0.005" /><testcase classname="tests.test_uat_test_spec" name="test_parse_extracts_only_ts_cases" time="0.000" /><testcase classname="tests.test_uat_test_spec" name="test_parse_captures_fields_and_steps" time="0.000" /><testcase classname="tests.test_uat_test_spec" name="test_extract_api_path" time="0.000" /><testcase classname="tests.test_uat_test_spec" name="test_evaluate_all_pass_on_good_spec" time="0.000" /><testcase classname="tests.test_uat_test_spec" name="test_h1_flags_too_few_cases" time="0.000" /><testcase classname="tests.test_uat_test_spec" name="test_h2_flags_duplicate_ids" time="0.000" /><testcase classname="tests.test_uat_test_spec" name="test_h3_flags_missing_required_field" time="0.000" /><testcase classname="tests.test_uat_test_spec" name="test_h4_flags_too_few_steps" time="0.000" /><testcase classname="tests.test_uat_test_spec" name="test_h5_flags_missing_ok_or_ng_criteria" time="0.000" /><testcase classname="tests.test_uat_test_spec" name="test_h6_flags_unknown_wbs" time="0.000" /><testcase classname="tests.test_uat_test_spec" name="test_h7_flags_unknown_api_path" time="0.000" /><testcase classname="tests.test_uat_test_spec" name="test_h8_flags_missing_domain_coverage" time="0.000" /><testcase classname="tests.test_uat_test_spec" name="test_h9_flags_missing_ok_ng_marker" time="0.000" /><testcase classname="tests.test_uat_test_spec" name="test_real_spec_is_complete_and_consistent" time="0.007" /><testcase classname="tests.test_uat_test_spec" name="test_real_spec_covers_all_required_domains" time="0.007" /><testcase classname="tests.test_ui" name="test_ui_flow" time="7.009" /><testcase classname="tests.test_ui_help_guide" name="test_help_modal_elements_exist_in_html" time="0.007" /><testcase classname="tests.test_ui_help_guide" name="test_help_modal_closing_and_accessibility" time="0.006" /><testcase classname="tests.test_uptime_monitor" name="test_read_targets_from_tsv" time="0.004" /><testcase classname="tests.test_uptime_monitor" name="test_check_target_ok_with_expected_status" time="0.000" /><testcase classname="tests.test_uptime_monitor" name="test_fetch_url_returns_http_error_status" time="0.000" /><testcase classname="tests.test_uptime_monitor" name="test_check_target_fails_on_unexpected_status" time="0.000" /><testcase classname="tests.test_uptime_monitor" name="test_tls_error_can_fallback_to_warning" time="0.001" /><testcase classname="tests.test_uptime_monitor" name="test_main_writes_report_and_returns_zero_for_warning" time="0.025" /><testcase classname="tests.test_uptime_monitor" name="test_slack_payload_omits_secret_url" time="0.000" /><testcase classname="tests.test_uptime_monitor" name="test_production_targets_cover_auth_gate_and_health" time="0.001" /><testcase classname="tests.test_uptime_monitor" name="test_protected_production_apis_expect_unauthorized" time="0.000" /><testcase classname="tests.test_uptime_monitor" name="test_workflow_always_uploads_uptime_report" time="0.000" /><testcase classname="tests.test_user_data_export" name="test_user_data_export_requires_real_identity_by_default" time="0.016" /><testcase classname="tests.test_user_data_export" name="test_user_data_export_is_scoped_to_authenticated_email_and_session" time="0.060" /><testcase classname="tests.test_verify_supabase_uat_writes" name="test_offline_guard_validates_schema_without_claiming_live_writes" time="0.007" /><testcase classname="tests.test_verify_supabase_uat_writes" name="test_execute_mode_fails_closed_without_database_secret" time="0.000" /><testcase classname="tests.test_verify_supabase_uat_writes" name="test_live_probe_inserts_every_table_then_rolls_back_and_checks_cleanup" time="0.001" /><testcase classname="tests.test_verify_supabase_uat_writes" name="test_live_probe_fails_when_cleanup_finds_persisted_records" time="0.000" /><testcase classname="tests.test_verify_supabase_uat_writes" name="test_database_errors_are_redacted_and_never_downgraded_to_warning" time="0.000" /><testcase classname="tests.test_verify_supabase_uat_writes" name="test_percent_encoded_reserved_password_is_accepted" time="0.000" /><testcase classname="tests.test_verify_supabase_uat_writes" name="test_raw_reserved_password_fragment_fails_before_connection_without_leaking" time="0.000" /><testcase classname="tests.test_verify_supabase_uat_writes" name="test_non_supabase_database_host_is_rejected" time="0.000" /><testcase classname="tests.test_verify_supabase_uat_writes" name="test_driver_credential_fragment_is_fully_suppressed" time="0.000" /><testcase classname="tests.test_verify_supabase_uat_writes" name="test_manual_workflow_uses_repository_secret_and_publishes_evidence" time="0.001" /><testcase classname="tests.test_verify_supabase_uat_writes" name="test_actions_context_makes_live_evidence_traceable" time="0.004" /><testcase classname="tests.test_wbs_completion_evidence" name="test_all_hypotheses_pass" time="0.005" /><testcase classname="tests.test_wbs_completion_evidence" name="test_stats_sum_to_total" time="0.004" /><testcase classname="tests.test_wbs_completion_evidence" name="test_evidence_artifacts_exist" time="0.004" /><testcase classname="tests.test_wbs_completion_evidence" name="test_gate_related_wbs_all_exist" time="0.002" /><testcase classname="tests.test_wbs_completion_evidence" name="test_reevaluate_candidate_suppressed_by_open_blocking_issue" time="0.000" /><testcase classname="tests.test_wbs_completion_evidence" name="test_reevaluate_candidate_kept_when_no_open_issue" time="0.000" /><testcase classname="tests.test_wbs_completion_evidence" name="test_deferred_review_is_not_recommended_for_immediate_pass" time="0.000" /><testcase classname="tests.test_wbs_completion_evidence" name="test_real_repo_operational_blockers_prevent_false_reevaluation" time="0.004" /><testcase classname="tests.test_wbs_completion_evidence" name="test_overdue_detection_is_a_list" time="0.004" /><testcase classname="tests.test_wbs_completion_evidence" name="test_default_reporting_date_is_current_jst_date" time="0.000" /><testcase classname="tests.test_wbs_lifecycle_coverage" name="test_good_baseline_passes_all_ten" time="0.000" /><testcase classname="tests.test_wbs_lifecycle_coverage" name="test_h1_flags_too_few_tasks" time="0.000" /><testcase classname="tests.test_wbs_lifecycle_coverage" name="test_h1_flags_wrong_header" time="0.000" /><testcase classname="tests.test_wbs_lifecycle_coverage" name="test_h2_flags_duplicate_id" time="0.000" /><testcase classname="tests.test_wbs_lifecycle_coverage" name="test_h3_flags_missing_lifecycle_stage" time="0.001" /><testcase classname="tests.test_wbs_lifecycle_coverage" name="test_h4_flags_missing_stack_component" time="0.000" /><testcase classname="tests.test_wbs_lifecycle_coverage" name="test_h5_flags_blank_required_column" time="0.000" /><testcase classname="tests.test_wbs_lifecycle_coverage" name="test_h6_flags_unknown_status" time="0.000" /><testcase classname="tests.test_wbs_lifecycle_coverage" name="test_h7_flags_unfinished_task_missing_dates" time="0.000" /><testcase classname="tests.test_wbs_lifecycle_coverage" name="test_h8_flags_inverted_schedule" time="0.001" /><testcase classname="tests.test_wbs_lifecycle_coverage" name="test_h9_flags_missing_completion_gate" time="0.000" /><testcase classname="tests.test_wbs_lifecycle_coverage" name="test_h10_flags_any_prior_drift" time="0.000" /><testcase classname="tests.test_wbs_lifecycle_coverage" name="test_load_rows_parses_header_and_dicts" time="0.027" /><testcase classname="tests.test_wbs_lifecycle_coverage" name="test_real_wbs_is_lifecycle_complete_and_schedule_consistent" time="0.008" /><testcase classname="tests.test_weekly_cost_dashboard" name="test_dashboard_aggregates_weekly_usage_and_budget_status" time="0.068" /><testcase classname="tests.test_weekly_cost_dashboard" name="test_cli_writes_artifacts_without_notification_secrets" time="0.149" /><testcase classname="tests.test_weekly_cost_dashboard" name="test_fail_on_alert_uses_warning_and_critical_exit_codes" time="0.090" /><testcase classname="tests.test_world_class_ui_ux" name="test_skeleton_loader_styles_and_placeholders_exist" time="0.006" /><testcase classname="tests.test_world_class_ui_ux" name="test_spring_scale_modal_animations_exist" time="0.003" /><testcase classname="tests.test_world_class_ui_ux" name="test_color_blindness_symbols_in_evaluation_bands" time="0.003" /><testcase classname="tests.test_world_class_ui_ux" name="test_focus_trap_and_mobile_bottom_sheet_exist" time="0.005" /><testcase classname="tests.test_yield_pricing_optimizer" name="test_yield_pricing_optimizer_premium_skills" time="0.000" /><testcase classname="tests.test_yield_pricing_optimizer" name="test_yield_pricing_optimizer_budget_cap" time="0.001" /></testsuite></testsuites>